#
# There is insufficient memory for the Java Runtime Environment to continue.
# Native memory allocation (malloc) failed to allocate 32744 bytes. Error detail: Chunk::new
# Possible reasons:
#   The system is out of physical RAM or swap space
#   This process is running with CompressedOops enabled, and the Java Heap may be blocking the growth of the native heap
# Possible solutions:
#   Reduce memory load on the system
#   Increase physical memory or swap space
#   Check if swap backing store is full
#   Decrease Java heap size (-Xmx/-Xms)
#   Decrease number of Java threads
#   Decrease Java thread stack sizes (-Xss)
#   Set larger code cache with -XX:ReservedCodeCacheSize=
#   JVM is running with Unscaled Compressed Oops mode in which the Java heap is
#     placed in the first 4GB address space. The Java Heap base address is the
#     maximum limit for the native heap growth. Please use -XX:HeapBaseMinAddress
#     to set the Java Heap base and to place the Java Heap above 4GB virtual address.
# This output file may be truncated or incomplete.
#
#  Out of Memory Error (arena.cpp:168), pid=13288, tid=1324
#
# JRE version: OpenJDK Runtime Environment (21.0.10) (build 21.0.10+-14961533-b1163.108)
# Java VM: OpenJDK 64-Bit Server VM (21.0.10+-14961533-b1163.108, mixed mode, tiered, compressed oops, compressed class ptrs, g1 gc, windows-amd64)
# No core dump will be written. Minidumps are not enabled by default on client versions of Windows
#

---------------  S U M M A R Y ------------

Command Line: --add-opens=java.base/java.lang=ALL-UNNAMED --add-opens=java.base/java.lang.invoke=ALL-UNNAMED --add-opens=java.base/java.util=ALL-UNNAMED --add-opens=java.prefs/java.util.prefs=ALL-UNNAMED --add-exports=jdk.compiler/com.sun.tools.javac.api=ALL-UNNAMED --add-exports=jdk.compiler/com.sun.tools.javac.util=ALL-UNNAMED --add-opens=java.base/java.nio.charset=ALL-UNNAMED --add-opens=java.base/java.net=ALL-UNNAMED --add-opens=java.base/java.util.concurrent=ALL-UNNAMED --add-opens=java.base/java.util.concurrent.atomic=ALL-UNNAMED --add-opens=java.xml/javax.xml.namespace=ALL-UNNAMED --add-opens=java.base/java.time=ALL-UNNAMED -Xmx2048m -Dfile.encoding=UTF-8 -Duser.country=US -Duser.language=en -Duser.variant -javaagent:C:\Users\sidhi\.gradle\wrapper\dists\gradle-9.5.0-bin\bvnork1r7n8i6kp5cnkibsc9q\gradle-9.5.0\lib\agents\gradle-instrumentation-agent-9.5.0.jar org.gradle.launcher.daemon.bootstrap.GradleDaemon 9.5.0

Host: Intel(R) Celeron(R) CPU B830 @ 1.80GHz, 2 cores, 3G,  Windows 10 , 64 bit Build 19041 (10.0.19041.5915)
Time: Thu Jul 23 00:35:34 2026 India Standard Time elapsed time: 154.612332 seconds (0d 0h 2m 34s)

---------------  T H R E A D  ---------------

Current thread (0x000001e24b174aa0):  JavaThread "C2 CompilerThread0" daemon [_thread_in_vm, id=1324, stack(0x00000046bd800000,0x00000046bd900000) (1024K)]


Current CompileTask:
C2:154612 3709       4       javax.management.ObjectName::construct (1135 bytes)

Stack: [0x00000046bd800000,0x00000046bd900000]
Native frames: (J=compiled Java code, j=interpreted, Vv=VM code, C=native code)
V  [jvm.dll+0x6d78a9]
V  [jvm.dll+0x8665b3]
V  [jvm.dll+0x868bde]
V  [jvm.dll+0x8692c3]
V  [jvm.dll+0x280ee6]
V  [jvm.dll+0xc07cd]
V  [jvm.dll+0xc0d03]
V  [jvm.dll+0x1fbab6]
V  [jvm.dll+0x1e85af]
V  [jvm.dll+0x1e8330]
V  [jvm.dll+0x203e9b]
V  [jvm.dll+0x207137]
V  [jvm.dll+0x20938a]
V  [jvm.dll+0x208bbe]
V  [jvm.dll+0x209b41]
V  [jvm.dll+0x208e3e]
V  [jvm.dll+0x1f3020]
V  [jvm.dll+0x144951]
V  [jvm.dll+0x2f333c]
V  [jvm.dll+0x2f52fa]
V  [jvm.dll+0x6f1d16]
V  [jvm.dll+0x6e9f6b]
V  [jvm.dll+0x6e9412]
V  [jvm.dll+0x6e75da]
V  [jvm.dll+0x1ca8bc]
V  [jvm.dll+0x2f5374]
V  [jvm.dll+0x6f1d16]
V  [jvm.dll+0x6e9f6b]
V  [jvm.dll+0x6e9412]
V  [jvm.dll+0x6e75da]
V  [jvm.dll+0x1ca8bc]
V  [jvm.dll+0x1cb46a]
V  [jvm.dll+0x2f5374]
V  [jvm.dll+0x6f1d16]
V  [jvm.dll+0x6e9f6b]
V  [jvm.dll+0x6e9412]
V  [jvm.dll+0x6e75da]
V  [jvm.dll+0x1ca8bc]
V  [jvm.dll+0x248d3d]
V  [jvm.dll+0x1c76e4]
V  [jvm.dll+0x25891e]
V  [jvm.dll+0x256e66]
V  [jvm.dll+0x3f513e]
V  [jvm.dll+0x80fd28]
V  [jvm.dll+0x6d60fd]
C  [ucrtbase.dll+0x21bb2]
C  [KERNEL32.DLL+0x17374]
C  [ntdll.dll+0x4cc91]


---------------  P R O C E S S  ---------------

Threads class SMR info:
_java_thread_list=0x000001e251c792c0, length=28, elements={
0x000001e23239de30, 0x000001e24b123b40, 0x000001e24b13e310, 0x000001e24b1615f0,
0x000001e24b16aa60, 0x000001e24b16b4c0, 0x000001e24b16c6c0, 0x000001e24b16d120,
0x000001e24b174aa0, 0x000001e24b175540, 0x000001e24b4c58b0, 0x000001e2507d4720,
0x000001e24b9f3f10, 0x000001e24b5b6040, 0x000001e2505808f0, 0x000001e250bcf880,
0x000001e251394690, 0x000001e250581330, 0x000001e2519b6570, 0x000001e2504d7790,
0x000001e2504d7e20, 0x000001e2504d5030, 0x000001e2504d6a70, 0x000001e2504d56c0,
0x000001e2504d84b0, 0x000001e2504d7100, 0x000001e251a9ad40, 0x000001e251a9b3d0
}

Java Threads: ( => current thread )
  0x000001e23239de30 JavaThread "main"                              [_thread_blocked, id=12388, stack(0x00000046bc900000,0x00000046bca00000) (1024K)]
  0x000001e24b123b40 JavaThread "Common-Cleaner"             daemon [_thread_blocked, id=7000, stack(0x00000046bd100000,0x00000046bd200000) (1024K)]
  0x000001e24b13e310 JavaThread "Reference Handler"          daemon [_thread_blocked, id=7336, stack(0x00000046bd200000,0x00000046bd300000) (1024K)]
  0x000001e24b1615f0 JavaThread "Finalizer"                  daemon [_thread_blocked, id=2732, stack(0x00000046bd300000,0x00000046bd400000) (1024K)]
  0x000001e24b16aa60 JavaThread "Signal Dispatcher"          daemon [_thread_blocked, id=7752, stack(0x00000046bd400000,0x00000046bd500000) (1024K)]
  0x000001e24b16b4c0 JavaThread "Attach Listener"            daemon [_thread_blocked, id=3424, stack(0x00000046bd500000,0x00000046bd600000) (1024K)]
  0x000001e24b16c6c0 JavaThread "Service Thread"             daemon [_thread_blocked, id=13092, stack(0x00000046bd600000,0x00000046bd700000) (1024K)]
  0x000001e24b16d120 JavaThread "Monitor Deflation Thread"   daemon [_thread_blocked, id=7296, stack(0x00000046bd700000,0x00000046bd800000) (1024K)]
=>0x000001e24b174aa0 JavaThread "C2 CompilerThread0"         daemon [_thread_in_vm, id=1324, stack(0x00000046bd800000,0x00000046bd900000) (1024K)]
  0x000001e24b175540 JavaThread "C1 CompilerThread0"         daemon [_thread_blocked, id=8636, stack(0x00000046bd900000,0x00000046bda00000) (1024K)]
  0x000001e24b4c58b0 JavaThread "Notification Thread"        daemon [_thread_blocked, id=8148, stack(0x00000046bda00000,0x00000046bdb00000) (1024K)]
  0x000001e2507d4720 JavaThread "Daemon health stats"               [_thread_blocked, id=6740, stack(0x00000046bdc00000,0x00000046bdd00000) (1024K)]
  0x000001e24b9f3f10 JavaThread "Incoming local TCP Connector on port 62687"        [_thread_in_native, id=13704, stack(0x00000046bc700000,0x00000046bc800000) (1024K)]
  0x000001e24b5b6040 JavaThread "Daemon periodic checks"            [_thread_blocked, id=2872, stack(0x00000046bc800000,0x00000046bc900000) (1024K)]
  0x000001e2505808f0 JavaThread "Daemon"                            [_thread_blocked, id=4732, stack(0x00000046bdd00000,0x00000046bde00000) (1024K)]
  0x000001e250bcf880 JavaThread "Handler for socket connection from /127.0.0.1:62687 to /127.0.0.1:62688"        [_thread_in_native, id=13632, stack(0x00000046bde00000,0x00000046bdf00000) (1024K)]
  0x000001e251394690 JavaThread "Cancel handler"                    [_thread_blocked, id=8040, stack(0x00000046bdf00000,0x00000046be000000) (1024K)]
  0x000001e250581330 JavaThread "Daemon worker"                     [_thread_in_native, id=7184, stack(0x00000046be000000,0x00000046be100000) (1024K)]
  0x000001e2519b6570 JavaThread "Asynchronous log dispatcher for DefaultDaemonConnection: socket connection from /127.0.0.1:62687 to /127.0.0.1:62688"        [_thread_blocked, id=3236, stack(0x00000046be100000,0x00000046be200000) (1024K)]
  0x000001e2504d7790 JavaThread "Stdin handler"                     [_thread_blocked, id=3852, stack(0x00000046be200000,0x00000046be300000) (1024K)]
  0x000001e2504d7e20 JavaThread "Daemon client event forwarder"        [_thread_blocked, id=14244, stack(0x00000046be300000,0x00000046be400000) (1024K)]
  0x000001e2504d5030 JavaThread "Cache worker for journal cache (C:\Users\sidhi\.gradle\caches\journal-1)"        [_thread_blocked, id=2444, stack(0x00000046be400000,0x00000046be500000) (1024K)]
  0x000001e2504d6a70 JavaThread "File lock request listener"        [_thread_in_native, id=11124, stack(0x00000046be500000,0x00000046be600000) (1024K)]
  0x000001e2504d56c0 JavaThread "Cache worker for file hash cache (C:\Users\sidhi\.gradle\caches\9.5.0\fileHashes)"        [_thread_blocked, id=4124, stack(0x00000046be600000,0x00000046be700000) (1024K)]
  0x000001e2504d84b0 JavaThread "Cache worker for file hash cache (C:\Users\sidhi\AndroidStudioProjects\DilShayarana\.gradle\9.5.0\fileHashes)"        [_thread_blocked, id=8632, stack(0x00000046be700000,0x00000046be800000) (1024K)]
  0x000001e2504d7100 JavaThread "Cache worker for Build Output Cleanup Cache (C:\Users\sidhi\AndroidStudioProjects\DilShayarana\.gradle\buildOutputCleanup)"        [_thread_blocked, id=11080, stack(0x00000046be800000,0x00000046be900000) (1024K)]
  0x000001e251a9ad40 JavaThread "File watcher server"        daemon [_thread_in_native, id=3456, stack(0x00000046be900000,0x00000046bea00000) (1024K)]
  0x000001e251a9b3d0 JavaThread "File watcher consumer"      daemon [_thread_blocked, id=13276, stack(0x00000046bea00000,0x00000046beb00000) (1024K)]
Total: 28

Other Threads:
  0x000001e24b0c0630 VMThread "VM Thread"                           [id=9724, stack(0x00000046bd000000,0x00000046bd100000) (1024K)]
  0x000001e24b0661b0 WatcherThread "VM Periodic Task Thread"        [id=10928, stack(0x00000046bcf00000,0x00000046bd000000) (1024K)]
  0x000001e234633e50 WorkerThread "GC Thread#0"                     [id=2688, stack(0x00000046bca00000,0x00000046bcb00000) (1024K)]
  0x000001e24b52de10 WorkerThread "GC Thread#1"                     [id=12400, stack(0x00000046bdb00000,0x00000046bdc00000) (1024K)]
  0x000001e234646d70 ConcurrentGCThread "G1 Main Marker"            [id=1756, stack(0x00000046bcb00000,0x00000046bcc00000) (1024K)]
  0x000001e234647900 WorkerThread "G1 Conc#0"                       [id=9416, stack(0x00000046bcc00000,0x00000046bcd00000) (1024K)]
  0x000001e23469a890 ConcurrentGCThread "G1 Refine#0"               [id=2272, stack(0x00000046bcd00000,0x00000046bce00000) (1024K)]
  0x000001e23469b490 ConcurrentGCThread "G1 Service"                [id=8212, stack(0x00000046bce00000,0x00000046bcf00000) (1024K)]
Total: 8

Threads with active compile tasks:
C2 CompilerThread0  158508 3709       4       javax.management.ObjectName::construct (1135 bytes)
Total: 1

VM state: not at safepoint (normal execution)

VM Mutex/Monitor currently owned by a thread: None

Heap address: 0x0000000080000000, size: 2048 MB, Compressed Oops mode: 32-bit

CDS archive(s) not mapped
Compressed class space mapped at: 0x0000000100000000-0x0000000140000000, reserved size: 1073741824
Narrow klass base: 0x0000000000000000, Narrow klass shift: 3, Narrow klass range: 0x140000000

GC Precious Log:
 CardTable entry size: 512
 Card Set container configuration: InlinePtr #cards 5 size 8 Array Of Cards #cards 12 size 40 Howl #buckets 4 coarsen threshold 1843 Howl Bitmap #cards 512 size 80 coarsen threshold 460 Card regions per heap region 1 cards per card region 2048
 CPUs: 2 total, 2 available
 Memory: 3989M
 Large Page Support: Disabled
 NUMA Support: Disabled
 Compressed Oops: Enabled (32-bit)
 Heap Region Size: 1M
 Heap Min Capacity: 8M
 Heap Initial Capacity: 64M
 Heap Max Capacity: 2G
 Pre-touch: Disabled
 Parallel Workers: 2
 Concurrent Workers: 1
 Concurrent Refinement Workers: 2
 Periodic GC: Disabled

Heap:
 garbage-first heap   total 65536K, used 44236K [0x0000000080000000, 0x0000000100000000)
  region size 1024K, 22 young (22528K), 4 survivors (4096K)
 Metaspace       used 37754K, committed 38656K, reserved 1114112K
  class space    used 5199K, committed 5632K, reserved 1048576K

Heap Regions: E=young(eden), S=young(survivor), O=old, HS=humongous(starts), HC=humongous(continues), CS=collection set, F=free, TAMS=top-at-mark-start, PB=parsable bottom
|   0|0x0000000080000000, 0x0000000080100000, 0x0000000080100000|100%| O|  |TAMS 0x0000000080000000| PB 0x0000000080000000| Untracked 
|   1|0x0000000080100000, 0x0000000080200000, 0x0000000080200000|100%|HS|  |TAMS 0x0000000080100000| PB 0x0000000080100000| Complete 
|   2|0x0000000080200000, 0x0000000080300000, 0x0000000080300000|100%|HC|  |TAMS 0x0000000080200000| PB 0x0000000080200000| Complete 
|   3|0x0000000080300000, 0x0000000080400000, 0x0000000080400000|100%|HC|  |TAMS 0x0000000080300000| PB 0x0000000080300000| Complete 
|   4|0x0000000080400000, 0x0000000080500000, 0x0000000080500000|100%|HC|  |TAMS 0x0000000080400000| PB 0x0000000080400000| Complete 
|   5|0x0000000080500000, 0x0000000080600000, 0x0000000080600000|100%| O|  |TAMS 0x0000000080500000| PB 0x0000000080500000| Untracked 
|   6|0x0000000080600000, 0x0000000080700000, 0x0000000080700000|100%| O|  |TAMS 0x0000000080600000| PB 0x0000000080600000| Untracked 
|   7|0x0000000080700000, 0x0000000080800000, 0x0000000080800000|100%| O|  |TAMS 0x0000000080700000| PB 0x0000000080700000| Untracked 
|   8|0x0000000080800000, 0x0000000080900000, 0x0000000080900000|100%| O|  |TAMS 0x0000000080800000| PB 0x0000000080800000| Untracked 
|   9|0x0000000080900000, 0x0000000080a00000, 0x0000000080a00000|100%|HS|  |TAMS 0x0000000080900000| PB 0x0000000080900000| Complete 
|  10|0x0000000080a00000, 0x0000000080b00000, 0x0000000080b00000|100%| O|  |TAMS 0x0000000080a00000| PB 0x0000000080a00000| Untracked 
|  11|0x0000000080b00000, 0x0000000080c00000, 0x0000000080c00000|100%| O|  |TAMS 0x0000000080b00000| PB 0x0000000080b00000| Untracked 
|  12|0x0000000080c00000, 0x0000000080d00000, 0x0000000080d00000|100%| O|  |TAMS 0x0000000080c00000| PB 0x0000000080c00000| Untracked 
|  13|0x0000000080d00000, 0x0000000080e00000, 0x0000000080e00000|100%| O|  |TAMS 0x0000000080d00000| PB 0x0000000080d00000| Untracked 
|  14|0x0000000080e00000, 0x0000000080f00000, 0x0000000080f00000|100%| O|  |TAMS 0x0000000080e00000| PB 0x0000000080e00000| Untracked 
|  15|0x0000000080f00000, 0x0000000081000000, 0x0000000081000000|100%| O|  |TAMS 0x0000000080f00000| PB 0x0000000080f00000| Untracked 
|  16|0x0000000081000000, 0x0000000081100000, 0x0000000081100000|100%| O|  |TAMS 0x0000000081000000| PB 0x0000000081000000| Untracked 
|  17|0x0000000081100000, 0x0000000081200000, 0x0000000081200000|100%| O|  |TAMS 0x0000000081100000| PB 0x0000000081100000| Untracked 
|  18|0x0000000081200000, 0x0000000081300000, 0x0000000081300000|100%| O|Cm|TAMS 0x0000000081200000| PB 0x0000000081200000| Complete 
|  19|0x0000000081300000, 0x0000000081400000, 0x0000000081400000|100%| O|  |TAMS 0x0000000081300000| PB 0x0000000081300000| Untracked 
|  20|0x0000000081400000, 0x0000000081500000, 0x0000000081500000|100%| O|  |TAMS 0x0000000081400000| PB 0x0000000081400000| Untracked 
|  21|0x0000000081500000, 0x0000000081600000, 0x0000000081600000|100%| O|  |TAMS 0x0000000081500000| PB 0x0000000081500000| Untracked 
|  22|0x0000000081600000, 0x00000000816845a0, 0x0000000081700000| 51%| O|  |TAMS 0x0000000081600000| PB 0x0000000081600000| Untracked 
|  23|0x0000000081700000, 0x0000000081700000, 0x0000000081800000|  0%| F|  |TAMS 0x0000000081700000| PB 0x0000000081700000| Untracked 
|  24|0x0000000081800000, 0x0000000081800000, 0x0000000081900000|  0%| F|  |TAMS 0x0000000081800000| PB 0x0000000081800000| Untracked 
|  25|0x0000000081900000, 0x0000000081900000, 0x0000000081a00000|  0%| F|  |TAMS 0x0000000081900000| PB 0x0000000081900000| Untracked 
|  26|0x0000000081a00000, 0x0000000081a00000, 0x0000000081b00000|  0%| F|  |TAMS 0x0000000081a00000| PB 0x0000000081a00000| Untracked 
|  27|0x0000000081b00000, 0x0000000081b00000, 0x0000000081c00000|  0%| F|  |TAMS 0x0000000081b00000| PB 0x0000000081b00000| Untracked 
|  28|0x0000000081c00000, 0x0000000081c00000, 0x0000000081d00000|  0%| F|  |TAMS 0x0000000081c00000| PB 0x0000000081c00000| Untracked 
|  29|0x0000000081d00000, 0x0000000081d00000, 0x0000000081e00000|  0%| F|  |TAMS 0x0000000081d00000| PB 0x0000000081d00000| Untracked 
|  30|0x0000000081e00000, 0x0000000081e00000, 0x0000000081f00000|  0%| F|  |TAMS 0x0000000081e00000| PB 0x0000000081e00000| Untracked 
|  31|0x0000000081f00000, 0x0000000081f00000, 0x0000000082000000|  0%| F|  |TAMS 0x0000000081f00000| PB 0x0000000081f00000| Untracked 
|  32|0x0000000082000000, 0x0000000082000000, 0x0000000082100000|  0%| F|  |TAMS 0x0000000082000000| PB 0x0000000082000000| Untracked 
|  33|0x0000000082100000, 0x0000000082100000, 0x0000000082200000|  0%| F|  |TAMS 0x0000000082100000| PB 0x0000000082100000| Untracked 
|  34|0x0000000082200000, 0x0000000082200000, 0x0000000082300000|  0%| F|  |TAMS 0x0000000082200000| PB 0x0000000082200000| Untracked 
|  35|0x0000000082300000, 0x0000000082300000, 0x0000000082400000|  0%| F|  |TAMS 0x0000000082300000| PB 0x0000000082300000| Untracked 
|  36|0x0000000082400000, 0x0000000082400000, 0x0000000082500000|  0%| F|  |TAMS 0x0000000082400000| PB 0x0000000082400000| Untracked 
|  37|0x0000000082500000, 0x00000000825aeda0, 0x0000000082600000| 68%| S|CS|TAMS 0x0000000082500000| PB 0x0000000082500000| Complete 
|  38|0x0000000082600000, 0x0000000082700000, 0x0000000082700000|100%| S|CS|TAMS 0x0000000082600000| PB 0x0000000082600000| Complete 
|  39|0x0000000082700000, 0x0000000082800000, 0x0000000082800000|100%| S|CS|TAMS 0x0000000082700000| PB 0x0000000082700000| Complete 
|  40|0x0000000082800000, 0x0000000082900000, 0x0000000082900000|100%| S|CS|TAMS 0x0000000082800000| PB 0x0000000082800000| Complete 
|  41|0x0000000082900000, 0x0000000082900000, 0x0000000082a00000|  0%| F|  |TAMS 0x0000000082900000| PB 0x0000000082900000| Untracked 
|  42|0x0000000082a00000, 0x0000000082a00000, 0x0000000082b00000|  0%| F|  |TAMS 0x0000000082a00000| PB 0x0000000082a00000| Untracked 
|  43|0x0000000082b00000, 0x0000000082b00000, 0x0000000082c00000|  0%| F|  |TAMS 0x0000000082b00000| PB 0x0000000082b00000| Untracked 
|  44|0x0000000082c00000, 0x0000000082c00000, 0x0000000082d00000|  0%| F|  |TAMS 0x0000000082c00000| PB 0x0000000082c00000| Untracked 
|  45|0x0000000082d00000, 0x0000000082d00000, 0x0000000082e00000|  0%| F|  |TAMS 0x0000000082d00000| PB 0x0000000082d00000| Untracked 
|  46|0x0000000082e00000, 0x0000000082e7f9b0, 0x0000000082f00000| 49%| E|  |TAMS 0x0000000082e00000| PB 0x0000000082e00000| Complete 
|  47|0x0000000082f00000, 0x0000000083000000, 0x0000000083000000|100%| E|CS|TAMS 0x0000000082f00000| PB 0x0000000082f00000| Complete 
|  48|0x0000000083000000, 0x0000000083100000, 0x0000000083100000|100%| E|CS|TAMS 0x0000000083000000| PB 0x0000000083000000| Complete 
|  49|0x0000000083100000, 0x0000000083200000, 0x0000000083200000|100%| E|CS|TAMS 0x0000000083100000| PB 0x0000000083100000| Complete 
|  50|0x0000000083200000, 0x0000000083300000, 0x0000000083300000|100%| E|CS|TAMS 0x0000000083200000| PB 0x0000000083200000| Complete 
|  51|0x0000000083300000, 0x0000000083400000, 0x0000000083400000|100%| E|CS|TAMS 0x0000000083300000| PB 0x0000000083300000| Complete 
|  52|0x0000000083400000, 0x0000000083500000, 0x0000000083500000|100%| E|CS|TAMS 0x0000000083400000| PB 0x0000000083400000| Complete 
|  53|0x0000000083500000, 0x0000000083600000, 0x0000000083600000|100%| E|CS|TAMS 0x0000000083500000| PB 0x0000000083500000| Complete 
|  54|0x0000000083600000, 0x0000000083700000, 0x0000000083700000|100%| E|CS|TAMS 0x0000000083600000| PB 0x0000000083600000| Complete 
|  55|0x0000000083700000, 0x0000000083800000, 0x0000000083800000|100%| E|CS|TAMS 0x0000000083700000| PB 0x0000000083700000| Complete 
|  56|0x0000000083800000, 0x0000000083900000, 0x0000000083900000|100%| E|CS|TAMS 0x0000000083800000| PB 0x0000000083800000| Complete 
|  57|0x0000000083900000, 0x0000000083a00000, 0x0000000083a00000|100%| E|CS|TAMS 0x0000000083900000| PB 0x0000000083900000| Complete 
|  58|0x0000000083a00000, 0x0000000083b00000, 0x0000000083b00000|100%| E|CS|TAMS 0x0000000083a00000| PB 0x0000000083a00000| Complete 
|  59|0x0000000083b00000, 0x0000000083c00000, 0x0000000083c00000|100%| E|CS|TAMS 0x0000000083b00000| PB 0x0000000083b00000| Complete 
|  60|0x0000000083c00000, 0x0000000083d00000, 0x0000000083d00000|100%| E|CS|TAMS 0x0000000083c00000| PB 0x0000000083c00000| Complete 
|  61|0x0000000083d00000, 0x0000000083e00000, 0x0000000083e00000|100%| E|CS|TAMS 0x0000000083d00000| PB 0x0000000083d00000| Complete 
|  62|0x0000000083e00000, 0x0000000083f00000, 0x0000000083f00000|100%| E|CS|TAMS 0x0000000083e00000| PB 0x0000000083e00000| Complete 
|  63|0x0000000083f00000, 0x0000000084000000, 0x0000000084000000|100%| E|CS|TAMS 0x0000000083f00000| PB 0x0000000083f00000| Complete 

Card table byte_map: [0x000001e246b40000,0x000001e246f40000] _byte_map_base: 0x000001e246740000

Marking Bits: (CMBitMap*) 0x000001e234636490
 Bits: [0x000001e246f40000, 0x000001e248f40000)

Polling page: 0x000001e2325d0000

Metaspace:

Usage:
  Non-class:     31.79 MB used.
      Class:      5.08 MB used.
       Both:     36.87 MB used.

Virtual space:
  Non-class space:       64.00 MB reserved,      32.25 MB ( 50%) committed,  1 nodes.
      Class space:        1.00 GB reserved,       5.50 MB ( <1%) committed,  1 nodes.
             Both:        1.06 GB reserved,      37.75 MB (  3%) committed. 

Chunk freelists:
   Non-Class:  15.80 MB
       Class:  10.41 MB
        Both:  26.20 MB

MaxMetaspaceSize: unlimited
CompressedClassSpaceSize: 1.00 GB
Initial GC threshold: 21.00 MB
Current GC threshold: 58.69 MB
CDS: off
 - commit_granule_bytes: 65536.
 - commit_granule_words: 8192.
 - virtual_space_node_default_size: 8388608.
 - enlarge_chunks_in_place: 1.
 - use_allocation_guard: 0.


Internal statistics:

num_allocs_failed_limit: 6.
num_arena_births: 1484.
num_arena_deaths: 0.
num_vsnodes_births: 2.
num_vsnodes_deaths: 0.
num_space_committed: 604.
num_space_uncommitted: 0.
num_chunks_returned_to_freelist: 6.
num_chunks_taken_from_freelist: 2737.
num_chunk_merges: 6.
num_chunk_splits: 1757.
num_chunks_enlarged: 1092.
num_inconsistent_stats: 0.

CodeHeap 'non-profiled nmethods': size=120064Kb used=1810Kb max_used=1966Kb free=118253Kb
 bounds [0x000001e23f200000, 0x000001e23f470000, 0x000001e246740000]
CodeHeap 'profiled nmethods': size=120000Kb used=6419Kb max_used=7039Kb free=113580Kb
 bounds [0x000001e237740000, 0x000001e237e40000, 0x000001e23ec70000]
CodeHeap 'non-nmethods': size=5696Kb used=1416Kb max_used=1444Kb free=4279Kb
 bounds [0x000001e23ec70000, 0x000001e23eee0000, 0x000001e23f200000]
CodeCache: size=245760Kb, used=9645Kb, max_used=10449Kb, free=236112Kb
 total_blobs=3918, nmethods=3324, adapters=498, full_count=0
Compilation: enabled, stopped_count=0, restarted_count=0

Compilation events (20 events):
Event: 139.630 Thread 0x000001e24b175540 nmethod 3699 0x000001e2379b7b10 code [0x000001e2379b7cc0, 0x000001e2379b7ef0]
Event: 139.630 Thread 0x000001e24b175540 3700       3       org.gradle.internal.time.TimeSource$1::nanoTime (4 bytes)
Event: 139.630 Thread 0x000001e24b175540 nmethod 3700 0x000001e237797e90 code [0x000001e237798040, 0x000001e237798170]
Event: 140.638 Thread 0x000001e24b175540 3701       3       java.util.stream.ReferencePipeline::collect (124 bytes)
Event: 140.639 Thread 0x000001e24b175540 nmethod 3701 0x000001e237b74990 code [0x000001e237b74c80, 0x000001e237b75ad0]
Event: 143.063 Thread 0x000001e24b175540 3702       3       java.util.stream.ReferencePipeline::filter (22 bytes)
Event: 143.064 Thread 0x000001e24b175540 nmethod 3702 0x000001e237929d90 code [0x000001e237929f80, 0x000001e23792a438]
Event: 144.967 Thread 0x000001e24b174aa0 3703   !   4       java.io.BufferedInputStream::read (69 bytes)
Event: 145.016 Thread 0x000001e24b174aa0 nmethod 3703 0x000001e23f25a590 code [0x000001e23f25a860, 0x000001e23f25bbd0]
Event: 145.016 Thread 0x000001e24b174aa0 3704       4       java.io.BufferedInputStream::implRead (112 bytes)
Event: 145.048 Thread 0x000001e24b174aa0 nmethod 3704 0x000001e23f276490 code [0x000001e23f2766e0, 0x000001e23f277410]
Event: 147.626 Thread 0x000001e24b175540 3705       3       java.util.stream.ReferencePipeline$2::opWrapSink (10 bytes)
Event: 147.626 Thread 0x000001e24b175540 nmethod 3705 0x000001e23778b190 code [0x000001e23778b380, 0x000001e23778b908]
Event: 147.626 Thread 0x000001e24b175540 3706       3       java.util.stream.ReferencePipeline$2$1::<init> (11 bytes)
Event: 147.627 Thread 0x000001e24b175540 nmethod 3706 0x000001e237784490 code [0x000001e237784680, 0x000001e237784b48]
Event: 147.627 Thread 0x000001e24b175540 3707       3       java.util.stream.ReferencePipeline$2$1::begin (13 bytes)
Event: 147.627 Thread 0x000001e24b175540 nmethod 3707 0x000001e237824f10 code [0x000001e2378250c0, 0x000001e237825298]
Event: 149.208 Thread 0x000001e24b174aa0 3708       4       java.util.concurrent.locks.ReentrantLock$Sync::isHeldExclusively (16 bytes)
Event: 149.209 Thread 0x000001e24b174aa0 nmethod 3708 0x000001e23f25a290 code [0x000001e23f25a420, 0x000001e23f25a4c8]
Event: 153.628 Thread 0x000001e24b174aa0 3709       4       javax.management.ObjectName::construct (1135 bytes)

GC Heap History (18 events):
Event: 8.444 GC heap before
{Heap before GC invocations=0 (full 0):
 garbage-first heap   total 65536K, used 6144K [0x0000000080000000, 0x0000000100000000)
  region size 1024K, 6 young (6144K), 0 survivors (0K)
 Metaspace       used 7631K, committed 7744K, reserved 1114112K
  class space    used 716K, committed 768K, reserved 1048576K
}
Event: 8.501 GC heap after
{Heap after GC invocations=1 (full 0):
 garbage-first heap   total 65536K, used 1001K [0x0000000080000000, 0x0000000100000000)
  region size 1024K, 1 young (1024K), 1 survivors (1024K)
 Metaspace       used 7631K, committed 7744K, reserved 1114112K
  class space    used 716K, committed 768K, reserved 1048576K
}
Event: 8.722 GC heap before
{Heap before GC invocations=1 (full 0):
 garbage-first heap   total 65536K, used 6121K [0x0000000080000000, 0x0000000100000000)
  region size 1024K, 6 young (6144K), 1 survivors (1024K)
 Metaspace       used 7696K, committed 7808K, reserved 1114112K
  class space    used 716K, committed 768K, reserved 1048576K
}
Event: 8.725 GC heap after
{Heap after GC invocations=2 (full 0):
 garbage-first heap   total 65536K, used 1224K [0x0000000080000000, 0x0000000100000000)
  region size 1024K, 1 young (1024K), 1 survivors (1024K)
 Metaspace       used 7696K, committed 7808K, reserved 1114112K
  class space    used 716K, committed 768K, reserved 1048576K
}
Event: 11.083 GC heap before
{Heap before GC invocations=2 (full 0):
 garbage-first heap   total 65536K, used 15560K [0x0000000080000000, 0x0000000100000000)
  region size 1024K, 12 young (12288K), 1 survivors (1024K)
 Metaspace       used 9521K, committed 9664K, reserved 1114112K
  class space    used 916K, committed 1024K, reserved 1048576K
}
Event: 11.091 GC heap after
{Heap after GC invocations=3 (full 0):
 garbage-first heap   total 65536K, used 11135K [0x0000000080000000, 0x0000000100000000)
  region size 1024K, 2 young (2048K), 2 survivors (2048K)
 Metaspace       used 9521K, committed 9664K, reserved 1114112K
  class space    used 916K, committed 1024K, reserved 1048576K
}
Event: 34.862 GC heap before
{Heap before GC invocations=3 (full 0):
 garbage-first heap   total 65536K, used 50047K [0x0000000080000000, 0x0000000100000000)
  region size 1024K, 38 young (38912K), 2 survivors (2048K)
 Metaspace       used 12971K, committed 13120K, reserved 1114112K
  class space    used 1412K, committed 1472K, reserved 1048576K
}
Event: 34.872 GC heap after
{Heap after GC invocations=4 (full 0):
 garbage-first heap   total 65536K, used 15319K [0x0000000080000000, 0x0000000100000000)
  region size 1024K, 5 young (5120K), 5 survivors (5120K)
 Metaspace       used 12971K, committed 13120K, reserved 1114112K
  class space    used 1412K, committed 1472K, reserved 1048576K
}
Event: 56.630 GC heap before
{Heap before GC invocations=4 (full 0):
 garbage-first heap   total 65536K, used 47063K [0x0000000080000000, 0x0000000100000000)
  region size 1024K, 36 young (36864K), 5 survivors (5120K)
 Metaspace       used 16535K, committed 16768K, reserved 1114112K
  class space    used 1902K, committed 1984K, reserved 1048576K
}
Event: 56.647 GC heap after
{Heap after GC invocations=5 (full 0):
 garbage-first heap   total 65536K, used 19281K [0x0000000080000000, 0x0000000100000000)
  region size 1024K, 4 young (4096K), 4 survivors (4096K)
 Metaspace       used 16535K, committed 16768K, reserved 1114112K
  class space    used 1902K, committed 1984K, reserved 1048576K
}
Event: 68.339 GC heap before
{Heap before GC invocations=5 (full 0):
 garbage-first heap   total 65536K, used 32593K [0x0000000080000000, 0x0000000100000000)
  region size 1024K, 18 young (18432K), 4 survivors (4096K)
 Metaspace       used 21173K, committed 21504K, reserved 1114112K
  class space    used 2480K, committed 2624K, reserved 1048576K
}
Event: 68.352 GC heap after
{Heap after GC invocations=6 (full 0):
 garbage-first heap   total 65536K, used 21504K [0x0000000080000000, 0x0000000100000000)
  region size 1024K, 2 young (2048K), 2 survivors (2048K)
 Metaspace       used 21173K, committed 21504K, reserved 1114112K
  class space    used 2480K, committed 2624K, reserved 1048576K
}
Event: 82.892 GC heap before
{Heap before GC invocations=7 (full 0):
 garbage-first heap   total 65536K, used 52224K [0x0000000080000000, 0x0000000100000000)
  region size 1024K, 33 young (33792K), 2 survivors (2048K)
 Metaspace       used 27488K, committed 27904K, reserved 1114112K
  class space    used 3409K, committed 3584K, reserved 1048576K
}
Event: 82.904 GC heap after
{Heap after GC invocations=8 (full 0):
 garbage-first heap   total 65536K, used 23134K [0x0000000080000000, 0x0000000100000000)
  region size 1024K, 4 young (4096K), 4 survivors (4096K)
 Metaspace       used 27488K, committed 27904K, reserved 1114112K
  class space    used 3409K, committed 3584K, reserved 1048576K
}
Event: 94.792 GC heap before
{Heap before GC invocations=8 (full 0):
 garbage-first heap   total 65536K, used 52830K [0x0000000080000000, 0x0000000100000000)
  region size 1024K, 34 young (34816K), 4 survivors (4096K)
 Metaspace       used 32017K, committed 32704K, reserved 1114112K
  class space    used 4205K, committed 4544K, reserved 1048576K
}
Event: 94.809 GC heap after
{Heap after GC invocations=9 (full 0):
 garbage-first heap   total 65536K, used 25100K [0x0000000080000000, 0x0000000100000000)
  region size 1024K, 4 young (4096K), 4 survivors (4096K)
 Metaspace       used 32017K, committed 32704K, reserved 1114112K
  class space    used 4205K, committed 4544K, reserved 1048576K
}
Event: 100.109 GC heap before
{Heap before GC invocations=9 (full 0):
 garbage-first heap   total 65536K, used 47628K [0x0000000080000000, 0x0000000100000000)
  region size 1024K, 27 young (27648K), 4 survivors (4096K)
 Metaspace       used 35212K, committed 35968K, reserved 1114112K
  class space    used 4725K, committed 5120K, reserved 1048576K
}
Event: 100.126 GC heap after
{Heap after GC invocations=10 (full 0):
 garbage-first heap   total 65536K, used 26828K [0x0000000080000000, 0x0000000100000000)
  region size 1024K, 4 young (4096K), 4 survivors (4096K)
 Metaspace       used 35212K, committed 35968K, reserved 1114112K
  class space    used 4725K, committed 5120K, reserved 1048576K
}

Dll operation events (3 events):
Event: 1.687 Loaded shared library C:\Program Files\Android\Android Studio\jbr\bin\java.dll
Event: 2.700 Loaded shared library C:\Program Files\Android\Android Studio\jbr\bin\zip.dll
Event: 10.929 Loaded shared library C:\Program Files\Android\Android Studio\jbr\bin\verify.dll

Deoptimization events (20 events):
Event: 102.001 Thread 0x000001e250581330 DEOPT PACKING pc=0x000001e23f37a434 sp=0x00000046be0fba90
Event: 102.001 Thread 0x000001e250581330 DEOPT UNPACKING pc=0x000001e23ecc429c sp=0x00000046be0fb9c8 mode 2
Event: 102.004 Thread 0x000001e250581330 Uncommon trap: trap_request=0xffffff45 fr.pc=0x000001e23f3e39a8 relative=0x00000000000001e8
Event: 102.004 Thread 0x000001e250581330 Uncommon trap: reason=unstable_if action=reinterpret pc=0x000001e23f3e39a8 method=jdk.internal.org.objectweb.asm.Type.getTypeInternal(Ljava/lang/String;II)Ljdk/internal/org/objectweb/asm/Type; @ 5 c2
Event: 102.004 Thread 0x000001e250581330 DEOPT PACKING pc=0x000001e23f3e39a8 sp=0x00000046be0fba30
Event: 102.004 Thread 0x000001e250581330 DEOPT UNPACKING pc=0x000001e23ecc429c sp=0x00000046be0fb9c8 mode 2
Event: 103.837 Thread 0x000001e250581330 Uncommon trap: trap_request=0xffffff76 fr.pc=0x000001e23f3e5904 relative=0x00000000000001c4
Event: 103.837 Thread 0x000001e250581330 Uncommon trap: reason=predicate action=maybe_recompile pc=0x000001e23f3e5904 method=com.google.common.base.CharMatcher.indexIn(Ljava/lang/CharSequence;I)I @ 19 c2
Event: 103.837 Thread 0x000001e250581330 DEOPT PACKING pc=0x000001e23f3e5904 sp=0x00000046be0fadd0
Event: 103.837 Thread 0x000001e250581330 DEOPT UNPACKING pc=0x000001e23ecc429c sp=0x00000046be0fad60 mode 2
Event: 105.392 Thread 0x000001e250581330 Uncommon trap: trap_request=0xffffff45 fr.pc=0x000001e23f3c5a40 relative=0x0000000000000420
Event: 105.392 Thread 0x000001e250581330 Uncommon trap: reason=unstable_if action=reinterpret pc=0x000001e23f3c5a40 method=jdk.internal.org.objectweb.asm.MethodWriter.visitFieldInsn(ILjava/lang/String;Ljava/lang/String;Ljava/lang/String;)V @ 223 c2
Event: 105.392 Thread 0x000001e250581330 DEOPT PACKING pc=0x000001e23f3c5a40 sp=0x00000046be0fa490
Event: 105.392 Thread 0x000001e250581330 DEOPT UNPACKING pc=0x000001e23ecc429c sp=0x00000046be0fa438 mode 2
Event: 105.438 Thread 0x000001e2504d56c0 Uncommon trap: trap_request=0xffffff45 fr.pc=0x000001e23f279248 relative=0x0000000000000268
Event: 105.438 Thread 0x000001e2504d56c0 Uncommon trap: reason=unstable_if action=reinterpret pc=0x000001e23f279248 method=java.lang.ThreadLocal$ThreadLocalMap.getEntry(Ljava/lang/ThreadLocal;)Ljava/lang/ThreadLocal$ThreadLocalMap$Entry; @ 29 c2
Event: 105.438 Thread 0x000001e2504d56c0 DEOPT PACKING pc=0x000001e23f279248 sp=0x00000046be6fdff0
Event: 105.438 Thread 0x000001e2504d56c0 DEOPT UNPACKING pc=0x000001e23ecc429c sp=0x00000046be6fdde0 mode 2
Event: 107.149 Thread 0x000001e250581330 DEOPT PACKING pc=0x000001e237bda5bf sp=0x00000046be0fb1b0
Event: 107.149 Thread 0x000001e250581330 DEOPT UNPACKING pc=0x000001e23ecc4a23 sp=0x00000046be0fa5d0 mode 0

Classes loaded (20 events):
Event: 102.334 Loading class java/util/stream/SliceOps
Event: 102.379 Loading class java/util/stream/SliceOps done
Event: 102.379 Loading class java/util/stream/SliceOps$1
Event: 102.395 Loading class java/util/stream/ReferencePipeline$StatefulOp
Event: 102.395 Loading class java/util/stream/ReferencePipeline$StatefulOp done
Event: 102.395 Loading class java/util/stream/SliceOps$1 done
Event: 102.422 Loading class java/util/stream/SliceOps$1$1
Event: 102.423 Loading class java/util/stream/SliceOps$1$1 done
Event: 103.551 Loading class java/util/concurrent/TimeoutException
Event: 103.551 Loading class java/util/concurrent/TimeoutException done
Event: 103.552 Loading class java/util/concurrent/CancellationException
Event: 103.552 Loading class java/util/concurrent/CancellationException done
Event: 104.832 Loading class java/util/concurrent/locks/AbstractQueuedSynchronizer$SharedNode
Event: 104.832 Loading class java/util/concurrent/locks/AbstractQueuedSynchronizer$SharedNode done
Event: 104.853 Loading class java/util/ArrayDeque$DeqSpliterator
Event: 104.853 Loading class java/util/ArrayDeque$DeqSpliterator done
Event: 105.177 Loading class java/nio/charset/CharacterCodingException
Event: 105.177 Loading class java/nio/charset/CharacterCodingException done
Event: 105.179 Loading class java/lang/Short$ShortCache
Event: 105.179 Loading class java/lang/Short$ShortCache done

Classes unloaded (0 events):
No events

Classes redefined (0 events):
No events

Internal exceptions (20 events):
Event: 101.075 Thread 0x000001e250581330 Exception <a 'java/lang/NoSuchMethodError'{0x0000000083a54dc8}: 'java.lang.Object java.lang.invoke.DelegatingMethodHandle$Holder.reinvoke_L(java.lang.Object, java.lang.Object, java.lang.Object, java.lang.Object, java.lang.Object, java.lang.Object, java.lang.Object, java.lang.Object, java.lang.Object, java.lang.Object, java.lang.Object, java.lang.Object, java.lang.Object)'> (0x0000000083a54dc8) 
thrown [s\src\hotspot\share\interpreter\linkResolver.cpp, line 784]
Event: 101.746 Thread 0x000001e250581330 Exception <a 'java/lang/NoSuchMethodError'{0x000000008374a308}: 'java.lang.Object java.lang.invoke.DirectMethodHandle$Holder.newInvokeSpecial(java.lang.Object, java.lang.Object, java.lang.Object, java.lang.Object, java.lang.Object, java.lang.Object, java.lang.Object, java.lang.Object, java.lang.Object, java.lang.Object, java.lang.Object, java.lang.Object, java.lang.Object, java.lang.Object, java.lang.Object)'> (0x000000008374a308) 
thrown [s\src\hotspot\share\interpreter\linkResolver.cpp, line 784]
Event: 101.747 Thread 0x000001e250581330 Exception <a 'java/lang/NoSuchMethodError'{0x000000008374ff48}: 'java.lang.Object java.lang.invoke.DirectMethodHandle$Holder.invokeSpecial(java.lang.Object, java.lang.Object, java.lang.Object, java.lang.Object, java.lang.Object, java.lang.Object, java.lang.Object, java.lang.Object, java.lang.Object, java.lang.Object, java.lang.Object, java.lang.Object, java.lang.Object, java.lang.Object, java.lang.Object, java.lang.Object)'> (0x000000008374ff48) 
thrown [s\src\hotspot\share\interpreter\linkResolver.cpp, li
Event: 101.747 Thread 0x000001e250581330 Exception <a 'java/lang/NoSuchMethodError'{0x0000000083754cd8}: 'java.lang.Object java.lang.invoke.DelegatingMethodHandle$Holder.reinvoke_L(java.lang.Object, java.lang.Object, java.lang.Object, java.lang.Object, java.lang.Object, java.lang.Object, java.lang.Object, java.lang.Object, java.lang.Object, java.lang.Object, java.lang.Object, java.lang.Object, java.lang.Object, java.lang.Object, java.lang.Object)'> (0x0000000083754cd8) 
thrown [s\src\hotspot\share\interpreter\linkResolver.cpp, line 784]
Event: 102.533 Thread 0x000001e250581330 Exception <a 'java/lang/NoSuchMethodError'{0x00000000835d90d0}: 'java.lang.Object java.lang.invoke.DirectMethodHandle$Holder.newInvokeSpecial(java.lang.Object, java.lang.Object, java.lang.Object, java.lang.Object, java.lang.Object, java.lang.Object, java.lang.Object, java.lang.Object, java.lang.Object)'> (0x00000000835d90d0) 
thrown [s\src\hotspot\share\interpreter\linkResolver.cpp, line 784]
Event: 102.650 Thread 0x000001e250581330 Exception <a 'sun/nio/fs/WindowsException'{0x00000000834855e0}> (0x00000000834855e0) 
thrown [s\src\hotspot\share\prims\jni.cpp, line 537]
Event: 102.653 Thread 0x000001e250581330 Exception <a 'java/lang/IncompatibleClassChangeError'{0x0000000083497010}: Found class java.lang.Object, but interface was expected> (0x0000000083497010) 
thrown [s\src\hotspot\share\interpreter\linkResolver.cpp, line 851]
Event: 102.653 Thread 0x000001e250581330 Exception <a 'sun/nio/fs/WindowsException'{0x0000000083498088}> (0x0000000083498088) 
thrown [s\src\hotspot\share\prims\jni.cpp, line 537]
Event: 102.654 Thread 0x000001e250581330 Exception <a 'sun/nio/fs/WindowsException'{0x0000000083499148}> (0x0000000083499148) 
thrown [s\src\hotspot\share\prims\jni.cpp, line 537]
Event: 102.655 Thread 0x000001e250581330 Exception <a 'sun/nio/fs/WindowsException'{0x000000008349b140}> (0x000000008349b140) 
thrown [s\src\hotspot\share\prims\jni.cpp, line 537]
Event: 103.963 Thread 0x000001e250581330 Exception <a 'sun/nio/fs/WindowsException'{0x00000000833ab838}> (0x00000000833ab838) 
thrown [s\src\hotspot\share\prims\jni.cpp, line 537]
Event: 103.966 Thread 0x000001e250581330 Exception <a 'sun/nio/fs/WindowsException'{0x00000000833ac778}> (0x00000000833ac778) 
thrown [s\src\hotspot\share\prims\jni.cpp, line 537]
Event: 104.785 Thread 0x000001e24b5b6040 Exception <a 'sun/nio/fs/WindowsException'{0x0000000083286d98}> (0x0000000083286d98) 
thrown [s\src\hotspot\share\prims\jni.cpp, line 537]
Event: 105.393 Thread 0x000001e250581330 Exception <a 'java/lang/NoSuchMethodError'{0x0000000083028fa8}: 'java.lang.Object java.lang.invoke.DirectMethodHandle$Holder.newInvokeSpecial(java.lang.Object, java.lang.Object, long)'> (0x0000000083028fa8) 
thrown [s\src\hotspot\share\interpreter\linkResolver.cpp, line 784]
Event: 105.394 Thread 0x000001e250581330 Exception <a 'java/lang/NoSuchMethodError'{0x000000008302d0a0}: 'java.lang.Object java.lang.invoke.Invokers$Holder.linkToTargetMethod(java.lang.Object, long, java.lang.Object)'> (0x000000008302d0a0) 
thrown [s\src\hotspot\share\interpreter\linkResolver.cpp, line 784]
Event: 105.439 Thread 0x000001e2504d56c0 Exception <a 'sun/nio/fs/WindowsException'{0x00000000830e3048}> (0x00000000830e3048) 
thrown [s\src\hotspot\share\prims\jni.cpp, line 537]
Event: 114.797 Thread 0x000001e24b5b6040 Exception <a 'sun/nio/fs/WindowsException'{0x0000000082fc8300}> (0x0000000082fc8300) 
thrown [s\src\hotspot\share\prims\jni.cpp, line 537]
Event: 124.799 Thread 0x000001e24b5b6040 Exception <a 'sun/nio/fs/WindowsException'{0x0000000082fef7e0}> (0x0000000082fef7e0) 
thrown [s\src\hotspot\share\prims\jni.cpp, line 537]
Event: 134.786 Thread 0x000001e24b5b6040 Exception <a 'sun/nio/fs/WindowsException'{0x0000000082e1db58}> (0x0000000082e1db58) 
thrown [s\src\hotspot\share\prims\jni.cpp, line 537]
Event: 144.965 Thread 0x000001e24b5b6040 Exception <a 'sun/nio/fs/WindowsException'{0x0000000082e27b08}> (0x0000000082e27b08) 
thrown [s\src\hotspot\share\prims\jni.cpp, line 537]

ZGC Phase Switch (0 events):
No events

VM Operations (20 events):
Event: 105.458 Executing non-safepoint VM operation: HandshakeAllThreads (Deoptimize)
Event: 105.458 Executing non-safepoint VM operation: HandshakeAllThreads (Deoptimize) done
Event: 106.460 Executing safepoint VM operation: Cleanup
Event: 106.460 Executing safepoint VM operation: Cleanup done
Event: 107.462 Executing safepoint VM operation: Cleanup
Event: 107.462 Executing safepoint VM operation: Cleanup done
Event: 116.756 Executing safepoint VM operation: Cleanup
Event: 116.756 Executing safepoint VM operation: Cleanup done
Event: 119.818 Executing safepoint VM operation: Cleanup
Event: 119.818 Executing safepoint VM operation: Cleanup done
Event: 122.008 Executing non-safepoint VM operation: HandshakeAllThreads (HandshakeForDeflation)
Event: 122.008 Executing non-safepoint VM operation: HandshakeAllThreads (HandshakeForDeflation) done
Event: 122.009 Executing non-safepoint VM operation: RendezvousGCThreads
Event: 122.009 Executing non-safepoint VM operation: RendezvousGCThreads done
Event: 124.024 Executing safepoint VM operation: Cleanup
Event: 124.024 Executing safepoint VM operation: Cleanup done
Event: 133.083 Executing safepoint VM operation: Cleanup
Event: 133.083 Executing safepoint VM operation: Cleanup done
Event: 149.424 Executing safepoint VM operation: Cleanup
Event: 149.425 Executing safepoint VM operation: Cleanup done

Memory protections (0 events):
No events

Nmethod flushes (20 events):
Event: 100.170 Thread 0x000001e24b0c0630 flushing  nmethod 0x000001e2379b0010
Event: 100.170 Thread 0x000001e24b0c0630 flushing  nmethod 0x000001e2379b7b10
Event: 100.170 Thread 0x000001e24b0c0630 flushing  nmethod 0x000001e2379cca90
Event: 100.170 Thread 0x000001e24b0c0630 flushing  nmethod 0x000001e2379fef90
Event: 100.170 Thread 0x000001e24b0c0630 flushing  nmethod 0x000001e237a1b690
Event: 100.170 Thread 0x000001e24b0c0630 flushing  nmethod 0x000001e237a1e390
Event: 100.170 Thread 0x000001e24b0c0630 flushing  nmethod 0x000001e237a23e10
Event: 100.170 Thread 0x000001e24b0c0630 flushing  nmethod 0x000001e237a6d690
Event: 100.170 Thread 0x000001e24b0c0630 flushing  nmethod 0x000001e237aa3790
Event: 100.170 Thread 0x000001e24b0c0630 flushing  nmethod 0x000001e237ad5d10
Event: 100.170 Thread 0x000001e24b0c0630 flushing  nmethod 0x000001e237ae4c10
Event: 100.170 Thread 0x000001e24b0c0630 flushing  nmethod 0x000001e237ae5390
Event: 100.170 Thread 0x000001e24b0c0630 flushing  nmethod 0x000001e237ae9610
Event: 100.170 Thread 0x000001e24b0c0630 flushing  nmethod 0x000001e237b2ed10
Event: 100.170 Thread 0x000001e24b0c0630 flushing  nmethod 0x000001e237b34d10
Event: 100.170 Thread 0x000001e24b0c0630 flushing  nmethod 0x000001e237b71090
Event: 100.170 Thread 0x000001e24b0c0630 flushing  nmethod 0x000001e237b71590
Event: 100.170 Thread 0x000001e24b0c0630 flushing  nmethod 0x000001e237bdcd90
Event: 100.170 Thread 0x000001e24b0c0630 flushing  nmethod 0x000001e237bfbe10
Event: 100.170 Thread 0x000001e24b0c0630 flushing  nmethod 0x000001e237c06b10

Events (20 events):
Event: 54.487 Loaded shared library C:\Program Files\Android\Android Studio\jbr\bin\management.dll
Event: 55.337 Loaded shared library C:\Program Files\Android\Android Studio\jbr\bin\management_ext.dll
Event: 56.628 Thread 0x000001e23239de30 Thread added: 0x000001e2507d4720
Event: 59.188 Loaded shared library C:\Program Files\Android\Android Studio\jbr\bin\extnet.dll
Event: 64.325 Thread 0x000001e23239de30 Thread added: 0x000001e24b9f3f10
Event: 64.781 Thread 0x000001e23239de30 Thread added: 0x000001e24b5b6040
Event: 67.474 Thread 0x000001e24b9f3f10 Thread added: 0x000001e2505808f0
Event: 67.479 Thread 0x000001e2505808f0 Thread added: 0x000001e250bcf880
Event: 68.722 Thread 0x000001e2505808f0 Thread added: 0x000001e251394690
Event: 68.778 Thread 0x000001e2505808f0 Thread added: 0x000001e250581330
Event: 68.810 Thread 0x000001e250581330 Thread added: 0x000001e2519b6570
Event: 68.850 Thread 0x000001e250581330 Thread added: 0x000001e2504d7790
Event: 68.865 Thread 0x000001e250581330 Thread added: 0x000001e2504d7e20
Event: 80.434 Thread 0x000001e250581330 Thread added: 0x000001e2504d5030
Event: 80.460 Thread 0x000001e250581330 Thread added: 0x000001e2504d6a70
Event: 81.463 Thread 0x000001e250581330 Thread added: 0x000001e2504d56c0
Event: 100.096 Thread 0x000001e250581330 Thread added: 0x000001e2504d84b0
Event: 100.244 Thread 0x000001e250581330 Thread added: 0x000001e2504d7100
Event: 104.832 Thread 0x000001e250581330 Thread added: 0x000001e251a9ad40
Event: 104.842 Thread 0x000001e250581330 Thread added: 0x000001e251a9b3d0


Dynamic libraries:
0x00007ff6f5740000 - 0x00007ff6f574a000 	C:\Program Files\Android\Android Studio\jbr\bin\java.exe
0x00007ffd488f0000 - 0x00007ffd48ae8000 	C:\WINDOWS\SYSTEM32\ntdll.dll
0x00007ffd46e80000 - 0x00007ffd46f42000 	C:\WINDOWS\System32\KERNEL32.DLL
0x00007ffd45f80000 - 0x00007ffd46276000 	C:\WINDOWS\System32\KERNELBASE.dll
0x00007ffd429e0000 - 0x00007ffd42a74000 	C:\WINDOWS\SYSTEM32\apphelp.dll
0x00007ffd46620000 - 0x00007ffd46720000 	C:\WINDOWS\System32\ucrtbase.dll
0x00007ffd35cc0000 - 0x00007ffd35cd8000 	C:\Program Files\Android\Android Studio\jbr\bin\jli.dll
0x00007ffd47cd0000 - 0x00007ffd47e71000 	C:\WINDOWS\System32\USER32.dll
0x00007ffd46460000 - 0x00007ffd46482000 	C:\WINDOWS\System32\win32u.dll
0x00007ffd38120000 - 0x00007ffd383bb000 	C:\WINDOWS\WinSxS\amd64_microsoft.windows.common-controls_6595b64144ccf1df_6.0.19041.6456_none_60b8a6cb71f64256\COMCTL32.dll
0x00007ffd47060000 - 0x00007ffd4708b000 	C:\WINDOWS\System32\GDI32.dll
0x00007ffd46720000 - 0x00007ffd46839000 	C:\WINDOWS\System32\gdi32full.dll
0x00007ffd463c0000 - 0x00007ffd4645d000 	C:\WINDOWS\System32\msvcp_win.dll
0x00007ffd47e80000 - 0x00007ffd47f1e000 	C:\WINDOWS\System32\msvcrt.dll
0x00007ffd3c4a0000 - 0x00007ffd3c4bb000 	C:\Program Files\Android\Android Studio\jbr\bin\VCRUNTIME140.dll
0x00007ffd47030000 - 0x00007ffd4705f000 	C:\WINDOWS\System32\IMM32.DLL
0x00007ffd3c6d0000 - 0x00007ffd3c6dc000 	C:\Program Files\Android\Android Studio\jbr\bin\vcruntime140_1.dll
0x00007ffd27430000 - 0x00007ffd274bd000 	C:\Program Files\Android\Android Studio\jbr\bin\msvcp140.dll
0x00007ffd185b0000 - 0x00007ffd19246000 	C:\Program Files\Android\Android Studio\jbr\bin\server\jvm.dll
0x00007ffd46a60000 - 0x00007ffd46b11000 	C:\WINDOWS\System32\ADVAPI32.dll
0x00007ffd48810000 - 0x00007ffd488af000 	C:\WINDOWS\System32\sechost.dll
0x00007ffd47ae0000 - 0x00007ffd47c00000 	C:\WINDOWS\System32\RPCRT4.dll
0x00007ffd46490000 - 0x00007ffd464b7000 	C:\WINDOWS\System32\bcrypt.dll
0x00007ffd469f0000 - 0x00007ffd46a5b000 	C:\WINDOWS\System32\WS2_32.dll
0x00007ffd39aa0000 - 0x00007ffd39ac7000 	C:\WINDOWS\SYSTEM32\WINMM.dll
0x00007ffd36f50000 - 0x00007ffd36f5a000 	C:\WINDOWS\SYSTEM32\VERSION.dll
0x00007ffd45e20000 - 0x00007ffd45e6b000 	C:\WINDOWS\SYSTEM32\POWRPROF.dll
0x00007ffd45dc0000 - 0x00007ffd45dd2000 	C:\WINDOWS\SYSTEM32\UMPDC.dll
0x00007ffd43d10000 - 0x00007ffd43d22000 	C:\WINDOWS\SYSTEM32\kernel.appcore.dll
0x00007ffd3c500000 - 0x00007ffd3c50a000 	C:\Program Files\Android\Android Studio\jbr\bin\jimage.dll
0x00007ffd3dab0000 - 0x00007ffd3dcb1000 	C:\WINDOWS\SYSTEM32\DBGHELP.DLL
0x00007ffd3d2d0000 - 0x00007ffd3d304000 	C:\WINDOWS\SYSTEM32\dbgcore.DLL
0x00007ffd46280000 - 0x00007ffd46302000 	C:\WINDOWS\System32\bcryptPrimitives.dll
0x00007ffd3fae0000 - 0x00007ffd3faee000 	C:\Program Files\Android\Android Studio\jbr\bin\instrument.dll
0x00007ffd35f50000 - 0x00007ffd35f70000 	C:\Program Files\Android\Android Studio\jbr\bin\java.dll
0x00007ffd35ed0000 - 0x00007ffd35ee8000 	C:\Program Files\Android\Android Studio\jbr\bin\zip.dll
0x00007ffd47120000 - 0x00007ffd47890000 	C:\WINDOWS\System32\SHELL32.dll
0x00007ffd43ff0000 - 0x00007ffd44795000 	C:\WINDOWS\SYSTEM32\windows.storage.dll
0x00007ffd46b20000 - 0x00007ffd46e74000 	C:\WINDOWS\System32\combase.dll
0x00007ffd458d0000 - 0x00007ffd458fb000 	C:\WINDOWS\SYSTEM32\Wldp.dll
0x00007ffd47c00000 - 0x00007ffd47ccd000 	C:\WINDOWS\System32\OLEAUT32.dll
0x00007ffd478f0000 - 0x00007ffd4799d000 	C:\WINDOWS\System32\SHCORE.dll
0x00007ffd46f50000 - 0x00007ffd46fab000 	C:\WINDOWS\System32\shlwapi.dll
0x00007ffd45eb0000 - 0x00007ffd45ed4000 	C:\WINDOWS\SYSTEM32\profapi.dll
0x00007ffd3c490000 - 0x00007ffd3c4a0000 	C:\Program Files\Android\Android Studio\jbr\bin\net.dll
0x00007ffd3d6b0000 - 0x00007ffd3d7ba000 	C:\WINDOWS\SYSTEM32\WINHTTP.dll
0x00007ffd45630000 - 0x00007ffd4569a000 	C:\WINDOWS\system32\mswsock.dll
0x00007ffd35bd0000 - 0x00007ffd35be6000 	C:\Program Files\Android\Android Studio\jbr\bin\nio.dll
0x00007ffd35bc0000 - 0x00007ffd35bd0000 	C:\Program Files\Android\Android Studio\jbr\bin\verify.dll
0x00007ffd3ba40000 - 0x00007ffd3ba67000 	C:\Users\sidhi\.gradle\native\660c5614fbf4a5f2a75b1949f50a0caf5cd603558e7d8a26e50b933a0cfb79d1\windows-amd64\native-platform.dll
0x00007ffd27040000 - 0x00007ffd270b7000 	C:\Users\sidhi\.gradle\native\0.2.8\x86_64-windows-gnu\gradle-fileevents.dll
0x00007ffd36ee0000 - 0x00007ffd36ee9000 	C:\Program Files\Android\Android Studio\jbr\bin\management.dll
0x00007ffd35f40000 - 0x00007ffd35f4b000 	C:\Program Files\Android\Android Studio\jbr\bin\management_ext.dll
0x00007ffd48650000 - 0x00007ffd48658000 	C:\WINDOWS\System32\PSAPI.DLL
0x00007ffd45310000 - 0x00007ffd4534b000 	C:\WINDOWS\SYSTEM32\IPHLPAPI.DLL
0x00007ffd47110000 - 0x00007ffd47118000 	C:\WINDOWS\System32\NSI.dll
0x00007ffd3c140000 - 0x00007ffd3c149000 	C:\Program Files\Android\Android Studio\jbr\bin\extnet.dll
0x00007ffd45820000 - 0x00007ffd45838000 	C:\WINDOWS\SYSTEM32\CRYPTSP.dll
0x00007ffd44f50000 - 0x00007ffd44f88000 	C:\WINDOWS\system32\rsaenh.dll
0x00007ffd45e70000 - 0x00007ffd45e9e000 	C:\WINDOWS\SYSTEM32\USERENV.dll
0x00007ffd45840000 - 0x00007ffd4584c000 	C:\WINDOWS\SYSTEM32\CRYPTBASE.dll
0x00007ffd30c50000 - 0x00007ffd30c57000 	C:\WINDOWS\system32\wshunix.dll

JVMTI agents:
C:\Users\sidhi\.gradle\wrapper\dists\gradle-9.5.0-bin\bvnork1r7n8i6kp5cnkibsc9q\gradle-9.5.0\lib\agents\gradle-instrumentation-agent-9.5.0.jar path:C:\Program Files\Android\Android Studio\jbr\bin\instrument.dll, loaded, initialized, instrumentlib options:none

dbghelp: loaded successfully - version: 4.0.5 - missing functions: none
symbol engine: initialized successfully - sym options: 0x614 - pdb path: .;C:\Program Files\Android\Android Studio\jbr\bin;C:\WINDOWS\SYSTEM32;C:\WINDOWS\WinSxS\amd64_microsoft.windows.common-controls_6595b64144ccf1df_6.0.19041.6456_none_60b8a6cb71f64256;C:\Program Files\Android\Android Studio\jbr\bin\server;C:\Users\sidhi\.gradle\native\660c5614fbf4a5f2a75b1949f50a0caf5cd603558e7d8a26e50b933a0cfb79d1\windows-amd64;C:\Users\sidhi\.gradle\native\0.2.8\x86_64-windows-gnu

VM Arguments:
jvm_args: --add-opens=java.base/java.lang=ALL-UNNAMED --add-opens=java.base/java.lang.invoke=ALL-UNNAMED --add-opens=java.base/java.util=ALL-UNNAMED --add-opens=java.prefs/java.util.prefs=ALL-UNNAMED --add-exports=jdk.compiler/com.sun.tools.javac.api=ALL-UNNAMED --add-exports=jdk.compiler/com.sun.tools.javac.util=ALL-UNNAMED --add-opens=java.base/java.nio.charset=ALL-UNNAMED --add-opens=java.base/java.net=ALL-UNNAMED --add-opens=java.base/java.util.concurrent=ALL-UNNAMED --add-opens=java.base/java.util.concurrent.atomic=ALL-UNNAMED --add-opens=java.xml/javax.xml.namespace=ALL-UNNAMED --add-opens=java.base/java.time=ALL-UNNAMED -Xmx2048m -Dfile.encoding=UTF-8 -Duser.country=US -Duser.language=en -Duser.variant -javaagent:C:\Users\sidhi\.gradle\wrapper\dists\gradle-9.5.0-bin\bvnork1r7n8i6kp5cnkibsc9q\gradle-9.5.0\lib\agents\gradle-instrumentation-agent-9.5.0.jar 
java_command: org.gradle.launcher.daemon.bootstrap.GradleDaemon 9.5.0
java_class_path (initial): C:\Users\sidhi\.gradle\wrapper\dists\gradle-9.5.0-bin\bvnork1r7n8i6kp5cnkibsc9q\gradle-9.5.0\lib\gradle-daemon-main-9.5.0.jar
Launcher Type: SUN_STANDARD

[Global flags]
     intx CICompilerCount                          = 2                                         {product} {ergonomic}
     uint ConcGCThreads                            = 1                                         {product} {ergonomic}
     uint G1ConcRefinementThreads                  = 2                                         {product} {ergonomic}
   size_t G1HeapRegionSize                         = 1048576                                   {product} {ergonomic}
    uintx GCDrainStackTargetSize                   = 64                                        {product} {ergonomic}
   size_t InitialHeapSize                          = 67108864                                  {product} {ergonomic}
   size_t MarkStackSize                            = 4194304                                   {product} {ergonomic}
   size_t MaxHeapSize                              = 2147483648                                {product} {command line}
   size_t MaxNewSize                               = 1287651328                                {product} {ergonomic}
   size_t MinHeapDeltaBytes                        = 1048576                                   {product} {ergonomic}
   size_t MinHeapSize                              = 8388608                                   {product} {ergonomic}
    uintx NonNMethodCodeHeapSize                   = 5826188                                {pd product} {ergonomic}
    uintx NonProfiledCodeHeapSize                  = 122916026                              {pd product} {ergonomic}
    uintx ProfiledCodeHeapSize                     = 122916026                              {pd product} {ergonomic}
    uintx ReservedCodeCacheSize                    = 251658240                              {pd product} {ergonomic}
     bool SegmentedCodeCache                       = true                                      {product} {ergonomic}
   size_t SoftMaxHeapSize                          = 2147483648                             {manageable} {ergonomic}
     bool UseCompressedOops                        = true                           {product lp64_product} {ergonomic}
     bool UseG1GC                                  = true                                      {product} {ergonomic}
     bool UseLargePagesIndividualAllocation        = false                                  {pd product} {ergonomic}

Logging:
Log output configuration:
 #0: stdout all=warning uptime,level,tags foldmultilines=false
 #1: stderr all=off uptime,level,tags foldmultilines=false

Release file:
JAVA_VERSION="21.0.10" 
MODULES="java.base java.compiler java.datatransfer java.xml java.prefs java.desktop java.instrument java.logging java.management java.security.sasl java.naming java.rmi java.management.rmi java.net.http java.scripting java.security.jgss java.transaction.xa java.sql java.sql.rowset java.xml.crypto java.se java.smartcardio jdk.accessibility jdk.internal.jvmstat jdk.attach jdk.charsets jdk.internal.opt jdk.zipfs jdk.compiler jdk.crypto.ec jdk.crypto.cryptoki jdk.dynalink jdk.hotspot.agent jdk.httpserver jdk.internal.ed jdk.internal.le jdk.internal.vm.ci jdk.jartool jdk.javadoc jdk.jcmd jdk.jdeps jdk.jdwp.agent jdk.jdi jdk.jfr jdk.jlink jdk.jsobject jdk.localedata jdk.management jdk.management.agent jdk.management.jfr jdk.naming.dns jdk.naming.rmi jdk.net jdk.sctp jdk.security.auth jdk.security.jgss jdk.unsupported jdk.unsupported.desktop jdk.xml.dom" 
IMPLEMENTOR="JetBrains s.r.o." 
JAVA_RUNTIME_VERSION="21.0.10+-14961533-b1163.108" 
LIBC="default" 
OS_ARCH="x86_64" 
OS_NAME="Windows" 
SOURCE=".:git:1351622c2ff2" 

Environment Variables:
PATH=C:\WINDOWS\system32;C:\WINDOWS;C:\WINDOWS\System32\Wbem;C:\WINDOWS\System32\WindowsPowerShell\v1.0\;C:\WINDOWS\System32\OpenSSH\;C:\Program Files\dotnet\;C:\Users\sidhi\AppData\Local\Microsoft\WindowsApps
USERNAME=sidhi
OS=Windows_NT
PROCESSOR_IDENTIFIER=Intel64 Family 6 Model 42 Stepping 7, GenuineIntel
TMP=C:\Users\sidhi\AppData\Local\Temp
TEMP=C:\Users\sidhi\AppData\Local\Temp




Periodic native trim disabled

JNI global refs:
JNI global refs: 20, weak refs: 0

JNI global refs memory usage: 835, weak refs: 201

Process memory usage:
Resident Set Size: 180036K (4% of 4085100K total physical memory with 47020K free physical memory)

OOME stack traces (most recent first):
Classloader memory used:
Loader bootstrap                                                                       : 18292K
Loader org.gradle.internal.classloader.VisitableURLClassLoader                         : 16880K
Loader org.gradle.initialization.MixInLegacyTypesClassLoader                           : 2237K
Loader jdk.internal.loader.ClassLoaders$AppClassLoader                                 : 189K
Loader jdk.internal.loader.ClassLoaders$PlatformClassLoader                            : 116K
Loader jdk.internal.reflect.DelegatingClassLoader                                      : 38104B

Classes loaded by more than one classloader:
Class org.gradle.internal.classloader.FilteringClassLoader                            : loaded 2 times (x 105B)
Class org.gradle.internal.classloader.ClassLoaderHierarchy                            : loaded 2 times (x 70B)
Class org.gradle.internal.classloader.DefaultClassLoaderFactory                       : loaded 2 times (x 82B)
Class org.gradle.api.internal.DefaultClassPathProvider                                : loaded 2 times (x 76B)
Class [Lorg.gradle.api.internal.ClassPathProvider;                                    : loaded 2 times (x 69B)
Class org.gradle.api.internal.ClassPathProvider                                       : loaded 2 times (x 70B)
Class org.gradle.internal.service.UnknownServiceException                             : loaded 2 times (x 83B)
Class org.gradle.internal.classpath.TransformedClassPath                              : loaded 2 times (x 96B)
Class org.gradle.internal.classloader.InstrumentingClassLoader                        : loaded 2 times (x 70B)
Class org.gradle.internal.service.ServiceLocator                                      : loaded 2 times (x 70B)
Class org.gradle.api.internal.classpath.DefaultModuleRegistry$DefaultModule           : loaded 2 times (x 82B)
Class org.gradle.api.internal.classpath.Module                                        : loaded 2 times (x 70B)
Class org.gradle.api.internal.classpath.UnknownModuleException                        : loaded 2 times (x 82B)
Class org.gradle.api.internal.DefaultClassPathRegistry                                : loaded 2 times (x 76B)
Class org.gradle.internal.classpath.DefaultClassPath$ImmutableUniqueList              : loaded 2 times (x 199B)
Class org.gradle.api.internal.ClassPathRegistry                                       : loaded 2 times (x 70B)
Class org.gradle.internal.classpath.ClassPath                                         : loaded 2 times (x 70B)
Class org.gradle.api.internal.classpath.DefaultModuleRegistry$DefaultModuleAlias      : loaded 2 times (x 80B)
Class org.gradle.api.internal.classpath.ModuleRegistry                                : loaded 2 times (x 70B)
Class org.gradle.internal.installation.GradleInstallation$1                           : loaded 2 times (x 75B)
Class org.gradle.api.internal.classpath.DefaultModuleRegistry                         : loaded 2 times (x 84B)
Class org.gradle.internal.service.ServiceLookupException                              : loaded 2 times (x 82B)
Class org.gradle.internal.classloader.ClassLoaderFactory                              : loaded 2 times (x 70B)
Class org.gradle.internal.service.CachingServiceLocator                               : loaded 2 times (x 82B)
Class org.gradle.internal.classloader.ClasspathUtil                                   : loaded 2 times (x 71B)
Class org.gradle.api.specs.Spec                                                       : loaded 2 times (x 70B)
Class org.gradle.internal.classloader.VisitableURLClassLoader$InstrumentingVisitableURLClassLoader: loaded 2 times (x 123B)
Class org.gradle.internal.classloader.VisitableURLClassLoader$Spec                    : loaded 2 times (x 74B)
Class org.gradle.internal.classpath.DefaultClassPath                                  : loaded 2 times (x 90B)
Class org.gradle.internal.classloader.ClassLoaderSpec                                 : loaded 2 times (x 71B)
Class org.gradle.api.internal.classpath.Module$ModuleAlias                            : loaded 2 times (x 70B)
Class org.gradle.internal.classloader.VisitableURLClassLoader                         : loaded 2 times (x 117B)
Class org.gradle.internal.Cast                                                        : loaded 2 times (x 71B)
Class org.gradle.api.Action                                                           : loaded 2 times (x 70B)
Class org.gradle.internal.classpath.DefaultClassPath$ImmutableUniqueList$Builder      : loaded 2 times (x 75B)
Class org.gradle.api.GradleException                                                  : loaded 2 times (x 82B)
Class org.gradle.internal.IoActions                                                   : loaded 2 times (x 71B)
Class org.gradle.internal.installation.CurrentGradleInstallationLocator               : loaded 2 times (x 71B)
Class org.gradle.internal.service.DefaultServiceLocator                               : loaded 2 times (x 83B)
Class org.gradle.internal.installation.CurrentGradleInstallation                      : loaded 2 times (x 73B)
Class org.gradle.util.internal.GUtil                                                  : loaded 2 times (x 71B)
Class org.gradle.internal.installation.GradleInstallation                             : loaded 2 times (x 75B)

---------------  S Y S T E M  ---------------

OS:
 Windows 10 , 64 bit Build 19041 (10.0.19041.5915)
OS uptime: 27 days 2:30 hours

CPU: total 2 (initial active 2) (2 cores per cpu, 1 threads per core) family 6 model 42 stepping 7 microcode 0x2f, cx8, cmov, fxsr, mmx, sse, sse2, sse3, ssse3, sse4.1, sse4.2, popcnt, tsc, tscinvbit, clmul, clflush, rdtscp
Processor Information for the first 2 processors :
  Max Mhz: 1800, Current Mhz: 1800, Mhz Limit: 1800

Memory: 4k page, system-wide physical 3989M (46M free)
TotalPageFile size 7061M (AvailPageFile size 16M)
current process WorkingSet (physical memory assigned to process): 176M, peak: 182M
current process commit charge ("private bytes"): 207M, peak: 216M

vm_info: OpenJDK 64-Bit Server VM (21.0.10+-14961533-b1163.108) for windows-amd64 JRE (21.0.10+-14961533-b1163.108), built on 2026-03-02T19:58:50Z by "builder" with MS VC++ 16.10 / 16.11 (VS2019)

END.
